This file contains any messages produced by compilers while
running configure, to aid debugging if configure makes a mistake.

It was created by Jupiter configure 1.0, which was
generated by GNU Autoconf 2.69.  Invocation command line was

  $ ./configure 

## --------- ##
## Platform. ##
## --------- ##

hostname = ubuntu
uname -m = x86_64
uname -r = 4.10.0-37-generic
uname -s = Linux
uname -v = #41~16.04.1-Ubuntu SMP Fri Oct 6 22:42:59 UTC 2017

/usr/bin/uname -p = unknown
/bin/uname -X     = unknown

/bin/arch              = unknown
/usr/bin/arch -k       = unknown
/usr/convex/getsysinfo = unknown
/usr/bin/hostinfo      = unknown
/bin/machine           = unknown
/usr/bin/oslevel       = unknown
/bin/universe          = unknown

PATH: /home/mto/bin
PATH: /home/mto/.local/bin
PATH: /usr/local/sbin
PATH: /usr/local/bin
PATH: /usr/sbin
PATH: /usr/bin
PATH: /sbin
PATH: /bin
PATH: /usr/games
PATH: /usr/local/games
PATH: /snap/bin
PATH: /home/mto
PATH: /home/mto


## ----------- ##
## Core tests. ##
## ----------- ##

configure:2273: checking for a BSD-compatible install
configure:2341: result: /usr/bin/install -c
configure:2352: checking whether build environment is sane
configure:2407: result: yes
configure:2558: checking for a thread-safe mkdir -p
configure:2597: result: /bin/mkdir -p
configure:2604: checking for gawk
configure:2620: found /usr/bin/gawk
configure:2631: result: gawk
configure:2642: checking whether make sets $(MAKE)
configure:2664: result: yes
configure:2693: checking whether make supports nested variables
configure:2710: result: yes
configure:2866: checking build system type
configure:2880: result: x86_64-pc-linux-gnu
configure:2900: checking host system type
configure:2913: result: x86_64-pc-linux-gnu
configure:2954: checking how to print strings
configure:2981: result: printf
configure:3014: checking for style of include used by make
configure:3042: result: GNU
configure:3113: checking for gcc
configure:3129: found /usr/bin/gcc
configure:3140: result: gcc
configure:3369: checking for C compiler version
configure:3378: gcc --version >&5
gcc (Ubuntu 5.4.0-6ubuntu1~16.04.4) 5.4.0 20160609
Copyright (C) 2015 Free Software Foundation, Inc.
This is free software; see the source for copying conditions.  There is NO
warranty; not even for MERCHANTABILITY or FITNESS FOR A PARTICULAR PURPOSE.

configure:3389: $? = 0
configure:3378: gcc -v >&5
Using built-in specs.
COLLECT_GCC=gcc
COLLECT_LTO_WRAPPER=/usr/lib/gcc/x86_64-linux-gnu/5/lto-wrapper
Target: x86_64-linux-gnu
Configured with: ../src/configure -v --with-pkgversion='Ubuntu 5.4.0-6ubuntu1~16.04.4' --with-bugurl=file:///usr/share/doc/gcc-5/README.Bugs --enable-languages=c,ada,c++,java,go,d,fortran,objc,obj-c++ --prefix=/usr --program-suffix=-5 --enable-shared --enable-linker-build-id --libexecdir=/usr/lib --without-included-gettext --enable-threads=posix --libdir=/usr/lib --enable-nls --with-sysroot=/ --enable-clocale=gnu --enable-libstdcxx-debug --enable-libstdcxx-time=yes --with-default-libstdcxx-abi=new --enable-gnu-unique-object --disable-vtable-verify --enable-libmpx --enable-plugin --with-system-zlib --disable-browser-plugin --enable-java-awt=gtk --enable-gtk-cairo --with-java-home=/usr/lib/jvm/java-1.5.0-gcj-5-amd64/jre --enable-java-home --with-jvm-root-dir=/usr/lib/jvm/java-1.5.0-gcj-5-amd64 --with-jvm-jar-dir=/usr/lib/jvm-exports/java-1.5.0-gcj-5-amd64 --with-arch-directory=amd64 --with-ecj-jar=/usr/share/java/eclipse-ecj.jar --enable-objc-gc --enable-multiarch --disable-werror --with-arch-32=i686 --with-abi=m64 --with-multilib-list=m32,m64,mx32 --enable-multilib --with-tune=generic --enable-checking=release --build=x86_64-linux-gnu --host=x86_64-linux-gnu --target=x86_64-linux-gnu
Thread model: posix
gcc version 5.4.0 20160609 (Ubuntu 5.4.0-6ubuntu1~16.04.4) 
configure:3389: $? = 0
configure:3378: gcc -V >&5
gcc: error: unrecognized command line option '-V'
gcc: fatal error: no input files
compilation terminated.
configure:3389: $? = 1
configure:3378: gcc -qversion >&5
gcc: error: unrecognized command line option '-qversion'
gcc: fatal error: no input files
compilation terminated.
configure:3389: $? = 1
configure:3409: checking whether the C compiler works
configure:3431: gcc    conftest.c  >&5
configure:3435: $? = 0
configure:3483: result: yes
configure:3486: checking for C compiler default output file name
configure:3488: result: a.out
configure:3494: checking for suffix of executables
configure:3501: gcc -o conftest    conftest.c  >&5
configure:3505: $? = 0
configure:3527: result: 
configure:3549: checking whether we are cross compiling
configure:3557: gcc -o conftest    conftest.c  >&5
configure:3561: $? = 0
configure:3568: ./conftest
configure:3572: $? = 0
configure:3587: result: no
configure:3592: checking for suffix of object files
configure:3614: gcc -c   conftest.c >&5
configure:3618: $? = 0
configure:3639: result: o
configure:3643: checking whether we are using the GNU C compiler
configure:3662: gcc -c   conftest.c >&5
configure:3662: $? = 0
configure:3671: result: yes
configure:3680: checking whether gcc accepts -g
configure:3700: gcc -c -g  conftest.c >&5
configure:3700: $? = 0
configure:3741: result: yes
configure:3758: checking for gcc option to accept ISO C89
configure:3821: gcc  -c -g -O2  conftest.c >&5
configure:3821: $? = 0
configure:3834: result: none needed
configure:3859: checking whether gcc understands -c and -o together
configure:3881: gcc -c conftest.c -o conftest2.o
configure:3884: $? = 0
configure:3881: gcc -c conftest.c -o conftest2.o
configure:3884: $? = 0
configure:3896: result: yes
configure:3915: checking dependency style of gcc
configure:4026: result: gcc3
configure:4041: checking for a sed that does not truncate output
configure:4105: result: /bin/sed
configure:4123: checking for grep that handles long lines and -e
configure:4181: result: /bin/grep
configure:4186: checking for egrep
configure:4248: result: /bin/grep -E
configure:4253: checking for fgrep
configure:4315: result: /bin/grep -F
configure:4350: checking for ld used by gcc
configure:4417: result: /usr/bin/ld
configure:4424: checking if the linker (/usr/bin/ld) is GNU ld
configure:4439: result: yes
configure:4451: checking for BSD- or MS-compatible name lister (nm)
configure:4505: result: /usr/bin/nm -B
configure:4635: checking the name lister (/usr/bin/nm -B) interface
configure:4642: gcc -c -g -O2  conftest.c >&5
configure:4645: /usr/bin/nm -B "conftest.o"
configure:4648: output
0000000000000000 B some_variable
configure:4655: result: BSD nm
configure:4658: checking whether ln -s works
configure:4662: result: yes
configure:4670: checking the maximum length of command line arguments
configure:4801: result: 1572864
configure:4849: checking how to convert x86_64-pc-linux-gnu file names to x86_64-pc-linux-gnu format
configure:4889: result: func_convert_file_noop
configure:4896: checking how to convert x86_64-pc-linux-gnu file names to toolchain format
configure:4916: result: func_convert_file_noop
configure:4923: checking for /usr/bin/ld option to reload object files
configure:4930: result: -r
configure:5004: checking for objdump
configure:5020: found /usr/bin/objdump
configure:5031: result: objdump
configure:5063: checking how to recognize dependent libraries
configure:5263: result: pass_all
configure:5348: checking for dlltool
configure:5378: result: no
configure:5408: checking how to associate runtime and link libraries
configure:5435: result: printf %s\n
configure:5496: checking for ar
configure:5512: found /usr/bin/ar
configure:5523: result: ar
configure:5560: checking for archiver @FILE support
configure:5577: gcc -c -g -O2  conftest.c >&5
configure:5577: $? = 0
configure:5580: ar cru libconftest.a @conftest.lst >&5
ar: `u' modifier ignored since `D' is the default (see `U')
configure:5583: $? = 0
configure:5588: ar cru libconftest.a @conftest.lst >&5
ar: `u' modifier ignored since `D' is the default (see `U')
ar: conftest.o: No such file or directory
configure:5591: $? = 1
configure:5603: result: @
configure:5661: checking for strip
configure:5677: found /usr/bin/strip
configure:5688: result: strip
configure:5760: checking for ranlib
configure:5776: found /usr/bin/ranlib
configure:5787: result: ranlib
configure:5889: checking command to parse /usr/bin/nm -B output from gcc object
configure:6042: gcc -c -g -O2  conftest.c >&5
configure:6045: $? = 0
configure:6049: /usr/bin/nm -B conftest.o \| sed -n -e 's/^.*[ ]\([ABCDGIRSTW][ABCDGIRSTW]*\)[ ][ ]*\([_A-Za-z][_A-Za-z0-9]*\)$/\1 \2 \2/p' | sed '/ __gnu_lto/d' \> conftest.nm
configure:6052: $? = 0
configure:6118: gcc -o conftest -g -O2   conftest.c conftstm.o >&5
configure:6121: $? = 0
configure:6159: result: ok
configure:6206: checking for sysroot
configure:6236: result: no
configure:6243: checking for a working dd
configure:6281: result: /bin/dd
configure:6285: checking how to truncate binary pipes
configure:6300: result: /bin/dd bs=4096 count=1
configure:6436: gcc -c -g -O2  conftest.c >&5
configure:6439: $? = 0
configure:6629: checking for mt
configure:6645: found /bin/mt
configure:6656: result: mt
configure:6679: checking if mt is a manifest tool
configure:6685: mt '-?'
configure:6693: result: no
configure:7370: checking how to run the C preprocessor
configure:7401: gcc -E  conftest.c
configure:7401: $? = 0
configure:7415: gcc -E  conftest.c
conftest.c:11:28: fatal error: ac_nonexistent.h: No such file or directory
compilation terminated.
configure:7415: $? = 1
configure: failed program was:
| /* confdefs.h */
| #define PACKAGE_NAME "Jupiter"
| #define PACKAGE_TARNAME "jupiter"
| #define PACKAGE_VERSION "1.0"
| #define PACKAGE_STRING "Jupiter 1.0"
| #define PACKAGE_BUGREPORT "jupiterbugreport@example.org"
| #define PACKAGE_URL ""
| #define PACKAGE "jupiter"
| #define VERSION "1.0"
| /* end confdefs.h.  */
| #include <ac_nonexistent.h>
configure:7440: result: gcc -E
configure:7460: gcc -E  conftest.c
configure:7460: $? = 0
configure:7474: gcc -E  conftest.c
conftest.c:11:28: fatal error: ac_nonexistent.h: No such file or directory
compilation terminated.
configure:7474: $? = 1
configure: failed program was:
| /* confdefs.h */
| #define PACKAGE_NAME "Jupiter"
| #define PACKAGE_TARNAME "jupiter"
| #define PACKAGE_VERSION "1.0"
| #define PACKAGE_STRING "Jupiter 1.0"
| #define PACKAGE_BUGREPORT "jupiterbugreport@example.org"
| #define PACKAGE_URL ""
| #define PACKAGE "jupiter"
| #define VERSION "1.0"
| /* end confdefs.h.  */
| #include <ac_nonexistent.h>
configure:7503: checking for ANSI C header files
configure:7523: gcc -c -g -O2  conftest.c >&5
configure:7523: $? = 0
configure:7596: gcc -o conftest -g -O2   conftest.c  >&5
configure:7596: $? = 0
configure:7596: ./conftest
configure:7596: $? = 0
configure:7607: result: yes
configure:7620: checking for sys/types.h
configure:7620: gcc -c -g -O2  conftest.c >&5
configure:7620: $? = 0
configure:7620: result: yes
configure:7620: checking for sys/stat.h
configure:7620: gcc -c -g -O2  conftest.c >&5
configure:7620: $? = 0
configure:7620: result: yes
configure:7620: checking for stdlib.h
configure:7620: gcc -c -g -O2  conftest.c >&5
configure:7620: $? = 0
configure:7620: result: yes
configure:7620: checking for string.h
configure:7620: gcc -c -g -O2  conftest.c >&5
configure:7620: $? = 0
configure:7620: result: yes
configure:7620: checking for memory.h
configure:7620: gcc -c -g -O2  conftest.c >&5
configure:7620: $? = 0
configure:7620: result: yes
configure:7620: checking for strings.h
configure:7620: gcc -c -g -O2  conftest.c >&5
configure:7620: $? = 0
configure:7620: result: yes
configure:7620: checking for inttypes.h
configure:7620: gcc -c -g -O2  conftest.c >&5
configure:7620: $? = 0
configure:7620: result: yes
configure:7620: checking for stdint.h
configure:7620: gcc -c -g -O2  conftest.c >&5
configure:7620: $? = 0
configure:7620: result: yes
configure:7620: checking for unistd.h
configure:7620: gcc -c -g -O2  conftest.c >&5
configure:7620: $? = 0
configure:7620: result: yes
configure:7634: checking for dlfcn.h
configure:7634: gcc -c -g -O2  conftest.c >&5
configure:7634: $? = 0
configure:7634: result: yes
configure:7889: checking for objdir
configure:7904: result: .libs
configure:8164: checking if gcc supports -fno-rtti -fno-exceptions
configure:8182: gcc -c -g -O2  -fno-rtti -fno-exceptions conftest.c >&5
cc1: warning: command line option '-fno-rtti' is valid for C++/ObjC++ but not for C
configure:8186: $? = 0
configure:8199: result: no
configure:8557: checking for gcc option to produce PIC
configure:8564: result: -fPIC -DPIC
configure:8572: checking if gcc PIC flag -fPIC -DPIC works
configure:8590: gcc -c -g -O2  -fPIC -DPIC -DPIC conftest.c >&5
configure:8594: $? = 0
configure:8607: result: yes
configure:8636: checking if gcc static flag -static works
configure:8664: result: yes
configure:8679: checking if gcc supports -c -o file.o
configure:8700: gcc -c -g -O2  -o out/conftest2.o conftest.c >&5
configure:8704: $? = 0
configure:8726: result: yes
configure:8734: checking if gcc supports -c -o file.o
configure:8781: result: yes
configure:8814: checking whether the gcc linker (/usr/bin/ld -m elf_x86_64) supports shared libraries
configure:10077: result: yes
configure:10114: checking whether -lc should be explicitly linked in
configure:10122: gcc -c -g -O2  conftest.c >&5
configure:10125: $? = 0
configure:10140: gcc -shared  -fPIC -DPIC conftest.o  -v -Wl,-soname -Wl,conftest -o conftest 2\>\&1 \| /bin/grep  -lc  \>/dev/null 2\>\&1
configure:10143: $? = 0
configure:10157: result: no
configure:10317: checking dynamic linker characteristics
configure:10898: gcc -o conftest -g -O2   -Wl,-rpath -Wl,/foo conftest.c  >&5
configure:10898: $? = 0
configure:11147: result: GNU/Linux ld.so
configure:11269: checking how to hardcode library paths into programs
configure:11294: result: immediate
configure:11396: checking for shl_load
configure:11396: gcc -o conftest -g -O2   conftest.c  >&5
/tmp/cc8acJAX.o: In function `main':
/home/mto/jupiter/automakeCh3/jupiter/conftest.c:57: undefined reference to `shl_load'
collect2: error: ld returned 1 exit status
configure:11396: $? = 1
configure: failed program was:
| /* confdefs.h */
| #define PACKAGE_NAME "Jupiter"
| #define PACKAGE_TARNAME "jupiter"
| #define PACKAGE_VERSION "1.0"
| #define PACKAGE_STRING "Jupiter 1.0"
| #define PACKAGE_BUGREPORT "jupiterbugreport@example.org"
| #define PACKAGE_URL ""
| #define PACKAGE "jupiter"
| #define VERSION "1.0"
| #define STDC_HEADERS 1
| #define HAVE_SYS_TYPES_H 1
| #define HAVE_SYS_STAT_H 1
| #define HAVE_STDLIB_H 1
| #define HAVE_STRING_H 1
| #define HAVE_MEMORY_H 1
| #define HAVE_STRINGS_H 1
| #define HAVE_INTTYPES_H 1
| #define HAVE_STDINT_H 1
| #define HAVE_UNISTD_H 1
| #define HAVE_DLFCN_H 1
| #define LT_OBJDIR ".libs/"
| /* end confdefs.h.  */
| /* Define shl_load to an innocuous variant, in case <limits.h> declares shl_load.
|    For example, HP-UX 11i <limits.h> declares gettimeofday.  */
| #define shl_load innocuous_shl_load
| 
| /* System header to define __stub macros and hopefully few prototypes,
|     which can conflict with char shl_load (); below.
|     Prefer <limits.h> to <assert.h> if __STDC__ is defined, since
|     <limits.h> exists even on freestanding compilers.  */
| 
| #ifdef __STDC__
| # include <limits.h>
| #else
| # include <assert.h>
| #endif
| 
| #undef shl_load
| 
| /* Override any GCC internal prototype to avoid an error.
|    Use char because int might match the return type of a GCC
|    builtin and then its argument prototype would still apply.  */
| #ifdef __cplusplus
| extern "C"
| #endif
| char shl_load ();
| /* The GNU C library defines this for functions which it implements
|     to always fail with ENOSYS.  Some functions are actually named
|     something starting with __ and the normal name is an alias.  */
| #if defined __stub_shl_load || defined __stub___shl_load
| choke me
| #endif
| 
| int
| main ()
| {
| return shl_load ();
|   ;
|   return 0;
| }
configure:11396: result: no
configure:11400: checking for shl_load in -ldld
configure:11425: gcc -o conftest -g -O2   conftest.c -ldld   >&5
/usr/bin/ld: cannot find -ldld
collect2: error: ld returned 1 exit status
configure:11425: $? = 1
configure: failed program was:
| /* confdefs.h */
| #define PACKAGE_NAME "Jupiter"
| #define PACKAGE_TARNAME "jupiter"
| #define PACKAGE_VERSION "1.0"
| #define PACKAGE_STRING "Jupiter 1.0"
| #define PACKAGE_BUGREPORT "jupiterbugreport@example.org"
| #define PACKAGE_URL ""
| #define PACKAGE "jupiter"
| #define VERSION "1.0"
| #define STDC_HEADERS 1
| #define HAVE_SYS_TYPES_H 1
| #define HAVE_SYS_STAT_H 1
| #define HAVE_STDLIB_H 1
| #define HAVE_STRING_H 1
| #define HAVE_MEMORY_H 1
| #define HAVE_STRINGS_H 1
| #define HAVE_INTTYPES_H 1
| #define HAVE_STDINT_H 1
| #define HAVE_UNISTD_H 1
| #define HAVE_DLFCN_H 1
| #define LT_OBJDIR ".libs/"
| /* end confdefs.h.  */
| 
| /* Override any GCC internal prototype to avoid an error.
|    Use char because int might match the return type of a GCC
|    builtin and then its argument prototype would still apply.  */
| #ifdef __cplusplus
| extern "C"
| #endif
| char shl_load ();
| int
| main ()
| {
| return shl_load ();
|   ;
|   return 0;
| }
configure:11434: result: no
configure:11439: checking for dlopen
configure:11439: gcc -o conftest -g -O2   conftest.c  >&5
/tmp/ccIyJID6.o: In function `main':
/home/mto/jupiter/automakeCh3/jupiter/conftest.c:57: undefined reference to `dlopen'
collect2: error: ld returned 1 exit status
configure:11439: $? = 1
configure: failed program was:
| /* confdefs.h */
| #define PACKAGE_NAME "Jupiter"
| #define PACKAGE_TARNAME "jupiter"
| #define PACKAGE_VERSION "1.0"
| #define PACKAGE_STRING "Jupiter 1.0"
| #define PACKAGE_BUGREPORT "jupiterbugreport@example.org"
| #define PACKAGE_URL ""
| #define PACKAGE "jupiter"
| #define VERSION "1.0"
| #define STDC_HEADERS 1
| #define HAVE_SYS_TYPES_H 1
| #define HAVE_SYS_STAT_H 1
| #define HAVE_STDLIB_H 1
| #define HAVE_STRING_H 1
| #define HAVE_MEMORY_H 1
| #define HAVE_STRINGS_H 1
| #define HAVE_INTTYPES_H 1
| #define HAVE_STDINT_H 1
| #define HAVE_UNISTD_H 1
| #define HAVE_DLFCN_H 1
| #define LT_OBJDIR ".libs/"
| /* end confdefs.h.  */
| /* Define dlopen to an innocuous variant, in case <limits.h> declares dlopen.
|    For example, HP-UX 11i <limits.h> declares gettimeofday.  */
| #define dlopen innocuous_dlopen
| 
| /* System header to define __stub macros and hopefully few prototypes,
|     which can conflict with char dlopen (); below.
|     Prefer <limits.h> to <assert.h> if __STDC__ is defined, since
|     <limits.h> exists even on freestanding compilers.  */
| 
| #ifdef __STDC__
| # include <limits.h>
| #else
| # include <assert.h>
| #endif
| 
| #undef dlopen
| 
| /* Override any GCC internal prototype to avoid an error.
|    Use char because int might match the return type of a GCC
|    builtin and then its argument prototype would still apply.  */
| #ifdef __cplusplus
| extern "C"
| #endif
| char dlopen ();
| /* The GNU C library defines this for functions which it implements
|     to always fail with ENOSYS.  Some functions are actually named
|     something starting with __ and the normal name is an alias.  */
| #if defined __stub_dlopen || defined __stub___dlopen
| choke me
| #endif
| 
| int
| main ()
| {
| return dlopen ();
|   ;
|   return 0;
| }
configure:11439: result: no
configure:11443: checking for dlopen in -ldl
configure:11468: gcc -o conftest -g -O2   conftest.c -ldl   >&5
configure:11468: $? = 0
configure:11477: result: yes
configure:11596: checking whether a program can dlopen itself
configure:11676: gcc -o conftest -g -O2  -DHAVE_DLFCN_H  -Wl,--export-dynamic conftest.c -ldl  >&5
configure:11679: $? = 0
configure:11697: result: yes
configure:11702: checking whether a statically linked program can dlopen itself
configure:11782: gcc -o conftest -g -O2  -DHAVE_DLFCN_H  -Wl,--export-dynamic -static conftest.c -ldl  >&5
/tmp/cc7uJuV5.o: In function `main':
/home/mto/jupiter/automakeCh3/jupiter/configure:11761: warning: Using 'dlopen' in statically linked applications requires at runtime the shared libraries from the glibc version used for linking
/usr/bin/ld: dynamic STT_GNU_IFUNC symbol `strcmp' with pointer equality in `/usr/lib/gcc/x86_64-linux-gnu/5/../../../x86_64-linux-gnu/libc.a(strcmp.o)' can not be used when making an executable; recompile with -fPIE and relink with -pie
collect2: error: ld returned 1 exit status
configure:11785: $? = 1
configure:11803: result: no
configure:11842: checking whether stripping libraries is possible
configure:11847: result: yes
configure:11882: checking if libtool supports shared libraries
configure:11884: result: yes
configure:11887: checking whether to build shared libraries
configure:11912: result: yes
configure:11915: checking whether to build static libraries
configure:11919: result: yes
configure:12009: checking for gcc
configure:12036: result: gcc
configure:12265: checking for C compiler version
configure:12274: gcc --version >&5
gcc (Ubuntu 5.4.0-6ubuntu1~16.04.4) 5.4.0 20160609
Copyright (C) 2015 Free Software Foundation, Inc.
This is free software; see the source for copying conditions.  There is NO
warranty; not even for MERCHANTABILITY or FITNESS FOR A PARTICULAR PURPOSE.

configure:12285: $? = 0
configure:12274: gcc -v >&5
Using built-in specs.
COLLECT_GCC=gcc
COLLECT_LTO_WRAPPER=/usr/lib/gcc/x86_64-linux-gnu/5/lto-wrapper
Target: x86_64-linux-gnu
Configured with: ../src/configure -v --with-pkgversion='Ubuntu 5.4.0-6ubuntu1~16.04.4' --with-bugurl=file:///usr/share/doc/gcc-5/README.Bugs --enable-languages=c,ada,c++,java,go,d,fortran,objc,obj-c++ --prefix=/usr --program-suffix=-5 --enable-shared --enable-linker-build-id --libexecdir=/usr/lib --without-included-gettext --enable-threads=posix --libdir=/usr/lib --enable-nls --with-sysroot=/ --enable-clocale=gnu --enable-libstdcxx-debug --enable-libstdcxx-time=yes --with-default-libstdcxx-abi=new --enable-gnu-unique-object --disable-vtable-verify --enable-libmpx --enable-plugin --with-system-zlib --disable-browser-plugin --enable-java-awt=gtk --enable-gtk-cairo --with-java-home=/usr/lib/jvm/java-1.5.0-gcj-5-amd64/jre --enable-java-home --with-jvm-root-dir=/usr/lib/jvm/java-1.5.0-gcj-5-amd64 --with-jvm-jar-dir=/usr/lib/jvm-exports/java-1.5.0-gcj-5-amd64 --with-arch-directory=amd64 --with-ecj-jar=/usr/share/java/eclipse-ecj.jar --enable-objc-gc --enable-multiarch --disable-werror --with-arch-32=i686 --with-abi=m64 --with-multilib-list=m32,m64,mx32 --enable-multilib --with-tune=generic --enable-checking=release --build=x86_64-linux-gnu --host=x86_64-linux-gnu --target=x86_64-linux-gnu
Thread model: posix
gcc version 5.4.0 20160609 (Ubuntu 5.4.0-6ubuntu1~16.04.4) 
configure:12285: $? = 0
configure:12274: gcc -V >&5
gcc: error: unrecognized command line option '-V'
gcc: fatal error: no input files
compilation terminated.
configure:12285: $? = 1
configure:12274: gcc -qversion >&5
gcc: error: unrecognized command line option '-qversion'
gcc: fatal error: no input files
compilation terminated.
configure:12285: $? = 1
configure:12289: checking whether we are using the GNU C compiler
configure:12317: result: yes
configure:12326: checking whether gcc accepts -g
configure:12387: result: yes
configure:12404: checking for gcc option to accept ISO C89
configure:12480: result: none needed
configure:12505: checking whether gcc understands -c and -o together
configure:12542: result: yes
configure:12561: checking dependency style of gcc
configure:12672: result: gcc3
configure:12690: checking for bash
configure:12711: found /bin/bash
configure:12735: result: yes
configure:12746: checking whether gcc and cc understand -c and -o together
configure:12777: gcc -c conftest.c -o conftest2.o >&5
configure:12781: $? = 0
configure:12787: gcc -c conftest.c -o conftest2.o >&5
configure:12791: $? = 0
configure:12802: cc -c conftest.c >&5
configure:12806: $? = 0
configure:12814: cc -c conftest.c -o conftest2.o >&5
configure:12818: $? = 0
configure:12824: cc -c conftest.c -o conftest2.o >&5
configure:12828: $? = 0
configure:12846: result: yes
configure:12859: checking for library containing dlopen
configure:12890: gcc -o conftest -g -O2   conftest.c  >&5
/tmp/ccRZkmZi.o: In function `main':
/home/mto/jupiter/automakeCh3/jupiter/conftest.c:34: undefined reference to `dlopen'
collect2: error: ld returned 1 exit status
configure:12890: $? = 1
configure: failed program was:
| /* confdefs.h */
| #define PACKAGE_NAME "Jupiter"
| #define PACKAGE_TARNAME "jupiter"
| #define PACKAGE_VERSION "1.0"
| #define PACKAGE_STRING "Jupiter 1.0"
| #define PACKAGE_BUGREPORT "jupiterbugreport@example.org"
| #define PACKAGE_URL ""
| #define PACKAGE "jupiter"
| #define VERSION "1.0"
| #define STDC_HEADERS 1
| #define HAVE_SYS_TYPES_H 1
| #define HAVE_SYS_STAT_H 1
| #define HAVE_STDLIB_H 1
| #define HAVE_STRING_H 1
| #define HAVE_MEMORY_H 1
| #define HAVE_STRINGS_H 1
| #define HAVE_INTTYPES_H 1
| #define HAVE_STDINT_H 1
| #define HAVE_UNISTD_H 1
| #define HAVE_DLFCN_H 1
| #define LT_OBJDIR ".libs/"
| /* end confdefs.h.  */
| 
| /* Override any GCC internal prototype to avoid an error.
|    Use char because int might match the return type of a GCC
|    builtin and then its argument prototype would still apply.  */
| #ifdef __cplusplus
| extern "C"
| #endif
| char dlopen ();
| int
| main ()
| {
| return dlopen ();
|   ;
|   return 0;
| }
configure:12890: gcc -o conftest -g -O2   conftest.c -ldl   >&5
configure:12890: $? = 0
configure:12907: result: -ldl
configure:12926: checking for library containing pthread_create
configure:12957: gcc -o conftest -g -O2   conftest.c -ldl  >&5
/tmp/ccgHb7hm.o: In function `main':
/home/mto/jupiter/automakeCh3/jupiter/conftest.c:34: undefined reference to `pthread_create'
collect2: error: ld returned 1 exit status
configure:12957: $? = 1
configure: failed program was:
| /* confdefs.h */
| #define PACKAGE_NAME "Jupiter"
| #define PACKAGE_TARNAME "jupiter"
| #define PACKAGE_VERSION "1.0"
| #define PACKAGE_STRING "Jupiter 1.0"
| #define PACKAGE_BUGREPORT "jupiterbugreport@example.org"
| #define PACKAGE_URL ""
| #define PACKAGE "jupiter"
| #define VERSION "1.0"
| #define STDC_HEADERS 1
| #define HAVE_SYS_TYPES_H 1
| #define HAVE_SYS_STAT_H 1
| #define HAVE_STDLIB_H 1
| #define HAVE_STRING_H 1
| #define HAVE_MEMORY_H 1
| #define HAVE_STRINGS_H 1
| #define HAVE_INTTYPES_H 1
| #define HAVE_STDINT_H 1
| #define HAVE_UNISTD_H 1
| #define HAVE_DLFCN_H 1
| #define LT_OBJDIR ".libs/"
| /* end confdefs.h.  */
| 
| /* Override any GCC internal prototype to avoid an error.
|    Use char because int might match the return type of a GCC
|    builtin and then its argument prototype would still apply.  */
| #ifdef __cplusplus
| extern "C"
| #endif
| char pthread_create ();
| int
| main ()
| {
| return pthread_create ();
|   ;
|   return 0;
| }
configure:12957: gcc -o conftest -g -O2   conftest.c -lpthread  -ldl  >&5
configure:12957: $? = 0
configure:12974: result: -lpthread
configure:12988: checking for stdlib.h
configure:12988: result: yes
configure:12988: checking for dlfcn.h
configure:12988: result: yes
configure:13002: checking pthread.h usability
configure:13002: gcc -c -g -O2  conftest.c >&5
configure:13002: $? = 0
configure:13002: result: yes
configure:13002: checking pthread.h presence
configure:13002: gcc -E  conftest.c
configure:13002: $? = 0
configure:13002: result: yes
configure:13002: checking for pthread.h
configure:13002: result: yes
configure:13018: result:
			------------------------------------------------------------------------
			The pthread library and header file required to build We found it...
			check 'config.log' for more information.
			------------------------------------------------------------------------
configure:13168: checking that generated files are newer than configure
configure:13174: result: done
configure:13201: creating ./config.status

## ---------------------- ##
## Running config.status. ##
## ---------------------- ##

This file was extended by Jupiter config.status 1.0, which was
generated by GNU Autoconf 2.69.  Invocation command line was

  CONFIG_FILES    = 
  CONFIG_HEADERS  = 
  CONFIG_LINKS    = 
  CONFIG_COMMANDS = 
  $ ./config.status 

on ubuntu

config.status:1093: creating Makefile
config.status:1093: creating include/Makefile
config.status:1093: creating libjup/Makefile
config.status:1093: creating common/Makefile
config.status:1093: creating src/Makefile
config.status:1093: creating config.h
config.status:1274: config.h is unchanged
config.status:1322: executing depfiles commands
config.status:1322: executing libtool commands

## ---------------- ##
## Cache variables. ##
## ---------------- ##

ac_cv_build=x86_64-pc-linux-gnu
ac_cv_c_compiler_gnu=yes
ac_cv_env_CC_set=
ac_cv_env_CC_value=
ac_cv_env_CFLAGS_set=
ac_cv_env_CFLAGS_value=
ac_cv_env_CPPFLAGS_set=
ac_cv_env_CPPFLAGS_value=
ac_cv_env_CPP_set=
ac_cv_env_CPP_value=
ac_cv_env_LDFLAGS_set=
ac_cv_env_LDFLAGS_value=
ac_cv_env_LIBS_set=
ac_cv_env_LIBS_value=
ac_cv_env_LT_SYS_LIBRARY_PATH_set=
ac_cv_env_LT_SYS_LIBRARY_PATH_value=
ac_cv_env_build_alias_set=
ac_cv_env_build_alias_value=
ac_cv_env_host_alias_set=
ac_cv_env_host_alias_value=
ac_cv_env_target_alias_set=
ac_cv_env_target_alias_value=
ac_cv_func_dlopen=no
ac_cv_func_shl_load=no
ac_cv_header_dlfcn_h=yes
ac_cv_header_inttypes_h=yes
ac_cv_header_memory_h=yes
ac_cv_header_pthread_h=yes
ac_cv_header_stdc=yes
ac_cv_header_stdint_h=yes
ac_cv_header_stdlib_h=yes
ac_cv_header_string_h=yes
ac_cv_header_strings_h=yes
ac_cv_header_sys_stat_h=yes
ac_cv_header_sys_types_h=yes
ac_cv_header_unistd_h=yes
ac_cv_host=x86_64-pc-linux-gnu
ac_cv_lib_dl_dlopen=yes
ac_cv_lib_dld_shl_load=no
ac_cv_objext=o
ac_cv_path_EGREP='/bin/grep -E'
ac_cv_path_FGREP='/bin/grep -F'
ac_cv_path_GREP=/bin/grep
ac_cv_path_SED=/bin/sed
ac_cv_path_install='/usr/bin/install -c'
ac_cv_path_lt_DD=/bin/dd
ac_cv_path_mkdir=/bin/mkdir
ac_cv_prog_AWK=gawk
ac_cv_prog_CPP='gcc -E'
ac_cv_prog_ac_ct_AR=ar
ac_cv_prog_ac_ct_CC=gcc
ac_cv_prog_ac_ct_MANIFEST_TOOL=mt
ac_cv_prog_ac_ct_OBJDUMP=objdump
ac_cv_prog_ac_ct_RANLIB=ranlib
ac_cv_prog_ac_ct_STRIP=strip
ac_cv_prog_bash_var=yes
ac_cv_prog_cc_c89=
ac_cv_prog_cc_g=yes
ac_cv_prog_cc_gcc_c_o=yes
ac_cv_prog_make_make_set=yes
ac_cv_search_dlopen=-ldl
ac_cv_search_pthread_create=-lpthread
am_cv_CC_dependencies_compiler_type=gcc3
am_cv_make_support_nested_variables=yes
am_cv_prog_cc_c_o=yes
lt_cv_ar_at_file=@
lt_cv_archive_cmds_need_lc=no
lt_cv_deplibs_check_method=pass_all
lt_cv_dlopen=dlopen
lt_cv_dlopen_libs=-ldl
lt_cv_dlopen_self=yes
lt_cv_dlopen_self_static=no
lt_cv_file_magic_cmd='$MAGIC_CMD'
lt_cv_file_magic_test_file=
lt_cv_ld_reload_flag=-r
lt_cv_nm_interface='BSD nm'
lt_cv_objdir=.libs
lt_cv_path_LD=/usr/bin/ld
lt_cv_path_NM='/usr/bin/nm -B'
lt_cv_path_mainfest_tool=no
lt_cv_prog_compiler_c_o=yes
lt_cv_prog_compiler_pic='-fPIC -DPIC'
lt_cv_prog_compiler_pic_works=yes
lt_cv_prog_compiler_rtti_exceptions=no
lt_cv_prog_compiler_static_works=yes
lt_cv_prog_gnu_ld=yes
lt_cv_sharedlib_from_linklib_cmd='printf %s\n'
lt_cv_shlibpath_overrides_runpath=no
lt_cv_sys_global_symbol_pipe='sed -n -e '\''s/^.*[	 ]\([ABCDGIRSTW][ABCDGIRSTW]*\)[	 ][	 ]*\([_A-Za-z][_A-Za-z0-9]*\)$/\1 \2 \2/p'\'' | sed '\''/ __gnu_lto/d'\'''
lt_cv_sys_global_symbol_to_c_name_address='sed -n -e '\''s/^: \(.*\) .*$/  {"\1", (void *) 0},/p'\'' -e '\''s/^[ABCDGIRSTW][ABCDGIRSTW]* .* \(.*\)$/  {"\1", (void *) \&\1},/p'\'''
lt_cv_sys_global_symbol_to_c_name_address_lib_prefix='sed -n -e '\''s/^: \(.*\) .*$/  {"\1", (void *) 0},/p'\'' -e '\''s/^[ABCDGIRSTW][ABCDGIRSTW]* .* \(lib.*\)$/  {"\1", (void *) \&\1},/p'\'' -e '\''s/^[ABCDGIRSTW][ABCDGIRSTW]* .* \(.*\)$/  {"lib\1", (void *) \&\1},/p'\'''
lt_cv_sys_global_symbol_to_cdecl='sed -n -e '\''s/^T .* \(.*\)$/extern int \1();/p'\'' -e '\''s/^[ABCDGIRSTW][ABCDGIRSTW]* .* \(.*\)$/extern char \1;/p'\'''
lt_cv_sys_global_symbol_to_import=
lt_cv_sys_max_cmd_len=1572864
lt_cv_to_host_file_cmd=func_convert_file_noop
lt_cv_to_tool_file_cmd=func_convert_file_noop
lt_cv_truncate_bin='/bin/dd bs=4096 count=1'

## ----------------- ##
## Output variables. ##
## ----------------- ##

ACLOCAL='${SHELL} /home/mto/jupiter/automakeCh3/jupiter/missing aclocal-1.15'
AMDEPBACKSLASH='\'
AMDEP_FALSE='#'
AMDEP_TRUE=''
AMTAR='$${TAR-tar}'
AM_BACKSLASH='\'
AM_DEFAULT_V='$(AM_DEFAULT_VERBOSITY)'
AM_DEFAULT_VERBOSITY='1'
AM_V='$(V)'
AR='ar'
AUTOCONF='${SHELL} /home/mto/jupiter/automakeCh3/jupiter/missing autoconf'
AUTOHEADER='${SHELL} /home/mto/jupiter/automakeCh3/jupiter/missing autoheader'
AUTOMAKE='${SHELL} /home/mto/jupiter/automakeCh3/jupiter/missing automake-1.15'
AWK='gawk'
CC='gcc'
CCDEPMODE='depmode=gcc3'
CFLAGS='-g -O2'
CPP='gcc -E'
CPPFLAGS=''
CYGPATH_W='echo'
DEFS='-DHAVE_CONFIG_H'
DEPDIR='.deps'
DLLTOOL='false'
DSYMUTIL=''
DUMPBIN=''
ECHO_C=''
ECHO_N='-n'
ECHO_T=''
EGREP='/bin/grep -E'
EXEEXT=''
FGREP='/bin/grep -F'
GREP='/bin/grep'
INSTALL_DATA='${INSTALL} -m 644'
INSTALL_PROGRAM='${INSTALL}'
INSTALL_SCRIPT='${INSTALL}'
INSTALL_STRIP_PROGRAM='$(install_sh) -c -s'
LD='/usr/bin/ld -m elf_x86_64'
LDFLAGS=''
LIBOBJS=''
LIBS='-lpthread -ldl '
LIBTOOL='$(SHELL) $(top_builddir)/libtool'
LIPO=''
LN_S='ln -s'
LTLIBOBJS=''
LT_SYS_LIBRARY_PATH=''
MAKEINFO='${SHELL} /home/mto/jupiter/automakeCh3/jupiter/missing makeinfo'
MANIFEST_TOOL=':'
MKDIR_P='/bin/mkdir -p'
NM='/usr/bin/nm -B'
NMEDIT=''
OBJDUMP='objdump'
OBJEXT='o'
OTOOL64=''
OTOOL=''
PACKAGE='jupiter'
PACKAGE_BUGREPORT='jupiterbugreport@example.org'
PACKAGE_NAME='Jupiter'
PACKAGE_STRING='Jupiter 1.0'
PACKAGE_TARNAME='jupiter'
PACKAGE_URL=''
PACKAGE_VERSION='1.0'
PATH_SEPARATOR=':'
RANLIB='ranlib'
SED='/bin/sed'
SET_MAKE=''
SHELL='/bin/bash'
STRIP='strip'
VERSION='1.0'
ac_ct_AR='ar'
ac_ct_CC='gcc'
ac_ct_DUMPBIN=''
am__EXEEXT_FALSE=''
am__EXEEXT_TRUE='#'
am__fastdepCC_FALSE='#'
am__fastdepCC_TRUE=''
am__include='include'
am__isrc=''
am__leading_dot='.'
am__nodep='_no'
am__quote=''
am__tar='$${TAR-tar} chof - "$$tardir"'
am__untar='$${TAR-tar} xf -'
bash_var='yes'
bindir='${exec_prefix}/bin'
build='x86_64-pc-linux-gnu'
build_alias=''
build_cpu='x86_64'
build_os='linux-gnu'
build_vendor='pc'
datadir='${datarootdir}'
datarootdir='${prefix}/share'
docdir='${datarootdir}/doc/${PACKAGE_TARNAME}'
dvidir='${docdir}'
exec_prefix='${prefix}'
host='x86_64-pc-linux-gnu'
host_alias=''
host_cpu='x86_64'
host_os='linux-gnu'
host_vendor='pc'
htmldir='${docdir}'
includedir='${prefix}/include'
infodir='${datarootdir}/info'
install_sh='${SHELL} /home/mto/jupiter/automakeCh3/jupiter/install-sh'
libdir='${exec_prefix}/lib'
libexecdir='${exec_prefix}/libexec'
localedir='${datarootdir}/locale'
localstatedir='${prefix}/var'
mandir='${datarootdir}/man'
mkdir_p='$(MKDIR_P)'
oldincludedir='/usr/include'
pdfdir='${docdir}'
prefix='/usr/local'
program_transform_name='s,x,x,'
psdir='${docdir}'
runstatedir='${localstatedir}/run'
sbindir='${exec_prefix}/sbin'
sharedstatedir='${prefix}/com'
sysconfdir='${prefix}/etc'
target_alias=''

## ----------- ##
## confdefs.h. ##
## ----------- ##

/* confdefs.h */
#define PACKAGE_NAME "Jupiter"
#define PACKAGE_TARNAME "jupiter"
#define PACKAGE_VERSION "1.0"
#define PACKAGE_STRING "Jupiter 1.0"
#define PACKAGE_BUGREPORT "jupiterbugreport@example.org"
#define PACKAGE_URL ""
#define PACKAGE "jupiter"
#define VERSION "1.0"
#define STDC_HEADERS 1
#define HAVE_SYS_TYPES_H 1
#define HAVE_SYS_STAT_H 1
#define HAVE_STDLIB_H 1
#define HAVE_STRING_H 1
#define HAVE_MEMORY_H 1
#define HAVE_STRINGS_H 1
#define HAVE_INTTYPES_H 1
#define HAVE_STDINT_H 1
#define HAVE_UNISTD_H 1
#define HAVE_DLFCN_H 1
#define LT_OBJDIR ".libs/"
#define HAVE_STDLIB_H 1
#define HAVE_DLFCN_H 1
#define HAVE_PTHREAD_H 1
#define ASYNC_EXEC 1

configure: exit 127

## ---------------------- ##
## Running config.status. ##
## ---------------------- ##

This file was extended by Jupiter config.status 1.0, which was
generated by GNU Autoconf 2.69.  Invocation command line was

  CONFIG_FILES    = 
  CONFIG_HEADERS  = 
  CONFIG_LINKS    = 
  CONFIG_COMMANDS = 
  $ ./config.status config.h

on ubuntu

config.status:1093: creating config.h
config.status:1274: config.h is unchanged
